1702137528,AFTER,1,
1702137622,BEFORE,0,
1702137027,BEFORE,0,
1702137167,AFTER,1,
1702137289,AFTER,1,
1702137697,EQUAL,1,
1702137470,BEFORE,0,
1702136987,AFTER,1,
1702137016,BEFORE,0,
1702137638,BEFORE,0,
1702137266,BEFORE,0,
1702137671,AFTER,1,
1702137589,AFTER,1,
1702137301,BEFORE,0,
1702136998,BEFORE,0,
1702137654,VAGUE,1,
1702137555,VAGUE,0,
1702137653,AFTER,1,
1702137248,AFTER,1,
1702137713,BEFORE,0,
1702137509,AFTER,1,
1702137524,AFTER,1,
1702136928,VAGUE,0,
1702137438,AFTER,1,
1702137316,BEFORE,0,
1702137126,AFTER,1,
1702137443,BEFORE,0,
1702136970,AFTER,0,
1702137456,AFTER,1,
1702137232,BEFORE,0,
1702137118,VAGUE,3,
1702137484,AFTER,1,
1702137032,BEFORE,0,
1702137334,BEFORE,0,
1702137338,BEFORE,1,
1702137073,BEFORE,1,
1702137210,VAGUE,0,
1702137465,BEFORE,0,
1702137495,AFTER,1,
1702137227,AFTER,3,
1702136936,BEFORE,0,
1702137078,AFTER,1,
1702137287,BEFORE,0,
1702137233,BEFORE,0,
1702137299,BEFORE,1,
1702137676,VAGUE,0,
1702137716,BEFORE,1,
1702137431,AFTER,1,
1702136960,AFTER,1,
1702137234,BEFORE,0,
1702136933,BEFORE,0,
1702137150,BEFORE,0,
1702137704,BEFORE,0,
1702137057,BEFORE,1,
1702136898,BEFORE,0,
1702137613,BEFORE,0,
1702137161,BEFORE,0,
1702136934,BEFORE,0,
1702137692,BEFORE,0,
1702137604,BEFORE,0,
1702137532,BEFORE,0,
1702137417,BEFORE,0,
1702137195,AFTER,1,
1702137592,BEFORE,0,
1702137319,AFTER,1,
1702137135,EQUAL,0,
1702137560,BEFORE,0,
1702137082,BEFORE,0,
1702137228,VAGUE,0,
1702137489,AFTER,1,
1702137487,AFTER,1,
1702137349,AFTER,1,
1702137111,AFTER,1,
1702136999,BEFORE,0,
1702137202,AFTER,1,
1702137354,VAGUE,0,
1702137615,VAGUE,0,
1702137651,BEFORE,1,
1702137206,BEFORE,0,
1702136979,AFTER,1,
1702137564,AFTER,0,
1702137196,BEFORE,0,
1702137260,BEFORE,0,
1702137724,VAGUE,0,
1702136948,BEFORE,0,
1702137416,AFTER,0,
1702137038,VAGUE,0,
1702137395,BEFORE,0,
1702137669,AFTER,1,
1702136927,BEFORE,0,
1702137734,AFTER,0,
1702137149,BEFORE,0,
1702137513,VAGUE,0,
1702137543,AFTER,0,
1702137394,BEFORE,0,
1702136990,BEFORE,1,
1702137009,AFTER,1,
1702137091,BEFORE,0,
1702137036,VAGUE,1,
1702137351,EQUAL,1,
1702137044,BEFORE,0,
1702137706,VAGUE,1,
1702137485,AFTER,1,
1702137261,VAGUE,0,
1702137327,BEFORE,0,
1702136912,AFTER,0,
1702137097,BEFORE,0,
1702137634,BEFORE,1,
1702137403,BEFORE,0,
1702137423,BEFORE,1,
1702137536,AFTER,1,
1702137159,VAGUE,0,
1702137270,BEFORE,0,
1702137358,AFTER,1,
1702137371,BEFORE,0,
1702137529,VAGUE,0,
1702137179,BEFORE,3,
1702136922,BEFORE,0,
1702137324,AFTER,1,
1702137412,BEFORE,1,
1702137405,BEFORE,0,
1702137194,BEFORE,0,
1702137337,BEFORE,1,
1702137374,AFTER,1,
1702137168,BEFORE,0,
1702137434,AFTER,1,
1702137192,EQUAL,1,
1702137361,BEFORE,0,
1702137619,AFTER,0,
1702137034,VAGUE,0,
1702137648,BEFORE,0,
1702136993,AFTER,1,
1702136966,AFTER,1,
1702137531,VAGUE,1,
1702136978,AFTER,1,
1702137223,BEFORE,0,
1702137257,BEFORE,0,
1702137251,AFTER,1,
1702137293,VAGUE,1,
1702137151,BEFORE,0,
1702137501,AFTER,1,
1702137664,BEFORE,0,
1702137272,BEFORE,0,
1702137617,BEFORE,0,
1702137494,VAGUE,0,
1702137482,BEFORE,0,
1702137368,BEFORE,0,
1702137326,BEFORE,0,
1702137481,BEFORE,0,
1702137114,BEFORE,0,
1702137060,BEFORE,0,
1702137006,AFTER,1,
1702137352,AFTER,1,
1702137392,BEFORE,0,
1702137226,AFTER,0,
1702137546,AFTER,1,
1702137522,BEFORE,1,
1702137666,BEFORE,0,
1702137689,EQUAL,0,
1702137545,AFTER,1,
1702136921,AFTER,1,
1702137679,EQUAL,0,
1702137117,BEFORE,0,
1702137550,BEFORE,0,
1702137156,AFTER,1,
1702137369,BEFORE,0,
1702136974,AFTER,0,
1702137353,BEFORE,0,
1702137090,BEFORE,0,
1702136976,VAGUE,0,
1702137230,BEFORE,0,
1702137011,EQUAL,1,
1702137476,BEFORE,0,
1702137031,BEFORE,0,
1702137659,AFTER,1,
1702137367,BEFORE,0,
1702137478,AFTER,1,
1702137616,BEFORE,0,
1702137711,BEFORE,0,
1702137359,VAGUE,1,
1702137710,BEFORE,1,
1702137056,AFTER,1,
1702137348,AFTER,1,
1702137342,AFTER,1,
1702137318,AFTER,1,
1702137645,BEFORE,0,
1702137457,BEFORE,0,
1702137440,BEFORE,0,
1702137649,BEFORE,0,
1702136896,BEFORE,0,
1702137383,BEFORE,0,
1702137521,BEFORE,0,
1702136988,BEFORE,0,
1702137733,BEFORE,0,
1702137120,AFTER,0,
1702137350,VAGUE,0,
1702137087,BEFORE,0,
1702137145,VAGUE,0,
1702137599,BEFORE,0,
1702137093,VAGUE,1,
1702136949,BEFORE,0,
1702137447,BEFORE,1,
1702137061,BEFORE,0,
1702137302,BEFORE,0,
1702137048,BEFORE,0,
1702137468,BEFORE,0,
1702137033,BEFORE,0,
1702137629,BEFORE,1,
1702137525,AFTER,1,
1702137347,BEFORE,0,
1702136909,BEFORE,0,
1702137332,BEFORE,0,
1702137538,BEFORE,0,
1702137360,BEFORE,0,
1702137308,AFTER,1,
1702137705,BEFORE,0,
1702137721,BEFORE,0,
1702136952,BEFORE,0,
1702137580,BEFORE,3,
1702136963,AFTER,1,
1702137483,AFTER,0,
1702137633,AFTER,1,
1702137598,AFTER,1,
1702137623,BEFORE,0,
1702137357,AFTER,1,
1702137718,BEFORE,0,
1702137451,BEFORE,0,
1702136967,AFTER,1,
1702137366,BEFORE,0,
1702137356,AFTER,1,
1702137134,AFTER,0,
1702137729,BEFORE,0,
1702137469,BEFORE,0,
1702137375,AFTER,0,
1702137720,BEFORE,0,
1702136951,BEFORE,0,
1702137172,BEFORE,0,
1702137631,AFTER,1,
1702137199,AFTER,0,
